<?xml version="1.0" encoding="UTF-8"?>
<!-- Generated by org.testng.reporters.JUnitReportReporter -->
<testsuite hostname="LAPTOP-K6TC2A2S" name="data_driven.Excel" tests="1" failures="0" timestamp="8 Dec 2023 12:59:51 GMT" time="0.420" errors="0">
  <testcase name="exceldata" time="0.420" classname="data_driven.Excel"/>
</testsuite> <!-- data_driven.Excel -->
