<?xml version="1.0" encoding="UTF-8"?>
<!-- Generated by org.testng.reporters.JUnitReportReporter -->
<testsuite hostname="LAPTOP-K6TC2A2S" name="javaStreams.Inheritance" tests="1" failures="0" timestamp="22 Nov 2023 14:30:41 GMT" time="0.016" errors="0">
  <testcase name="demo" time="0.016" classname="javaStreams.Inheritance"/>
</testsuite> <!-- javaStreams.Inheritance -->
