<?xml version="1.0" encoding="UTF-8"?>
<!-- Generated by org.testng.reporters.JUnitReportReporter -->
<testsuite hostname="LAPTOP-K6TC2A2S" name="testNG.Pgm2" tests="4" failures="0" timestamp="22 Nov 2023 08:35:04 GMT" time="0.011" errors="0">
  <testcase name="dataprovide" time="0.000" classname="testNG.Pgm2"/>
  <testcase name="dataprovide" time="0.000" classname="testNG.Pgm2"/>
  <testcase name="Basic" time="0.011" classname="testNG.Pgm2"/>
  <testcase name="dataprovide" time="0.000" classname="testNG.Pgm2"/>
</testsuite> <!-- testNG.Pgm2 -->
