<?xml version="1.0" encoding="UTF-8"?>
<!-- Generated by org.testng.reporters.JUnitReportReporter -->
<testsuite hostname="LAPTOP-K6TC2A2S" name="testNG.Pgm3" tests="3" failures="0" timestamp="22 Nov 2023 08:11:00 GMT" time="0.000" errors="0">
  <testcase name="Packinglist" time="0.000" classname="testNG.Pgm3"/>
  <testcase name="userAccounts" time="0.000" classname="testNG.Pgm3"/>
  <testcase name="userinventory" time="0.000" classname="testNG.Pgm3"/>
</testsuite> <!-- testNG.Pgm3 -->
