<?xml version="1.0" encoding="UTF-8"?>
<!-- Generated by org.testng.reporters.JUnitReportReporter -->
<testsuite hostname="LAPTOP-K6TC2A2S" name="javaStreams.Pgm1" tests="1" failures="0" timestamp="16 Nov 2023 09:04:33 GMT" time="0.059" errors="0">
  <testcase name="streamCollect" time="0.059" classname="javaStreams.Pgm1"/>
</testsuite> <!-- javaStreams.Pgm1 -->
