<?xml version="1.0" encoding="UTF-8"?>
<!-- Generated by org.testng.reporters.JUnitReportReporter -->
<testsuite hostname="LAPTOP-K6TC2A2S" name="testNG.Dataprovider" tests="4" failures="0" timestamp="27 Nov 2023 13:18:07 GMT" time="0.012" errors="0">
  <testcase name="dataprovide" time="0.001" classname="testNG.Dataprovider"/>
  <testcase name="dataprovide" time="0.001" classname="testNG.Dataprovider"/>
  <testcase name="Basic" time="0.009" classname="testNG.Dataprovider"/>
  <testcase name="dataprovide" time="0.001" classname="testNG.Dataprovider"/>
</testsuite> <!-- testNG.Dataprovider -->
