<?xml version="1.0" encoding="UTF-8"?>
<!-- Generated by org.testng.reporters.JUnitReportReporter -->
<testsuite hostname="LAPTOP-K6TC2A2S" name="data_driven.TestData" tests="3" failures="0" timestamp="8 Dec 2023 14:37:19 GMT" time="0.008" errors="0">
  <testcase name="TestCaseData" time="0.006" classname="data_driven.TestData"/>
  <testcase name="TestCaseData" time="0.001" classname="data_driven.TestData"/>
  <testcase name="TestCaseData" time="0.001" classname="data_driven.TestData"/>
</testsuite> <!-- data_driven.TestData -->
