<?xml version="1.0" encoding="UTF-8"?>
<!-- Generated by org.testng.reporters.JUnitReportReporter -->
<testsuite hostname="LAPTOP-K6TC2A2S" name="testNG.Annotations" tests="3" failures="0" timestamp="22 Nov 2023 11:54:49 GMT" time="0.002" errors="0">
  <testcase name="userAccounts" time="0.000" classname="testNG.Annotations"/>
  <testcase name="Packinglist" time="0.002" classname="testNG.Annotations"/>
  <testcase name="userinventory" time="0.000" classname="testNG.Annotations"/>
</testsuite> <!-- testNG.Annotations -->
