<?xml version="1.0" encoding="UTF-8"?>
<!-- Generated by org.testng.reporters.JUnitReportReporter -->
<testsuite hostname="LAPTOP-K6TC2A2S" name="javaStreams.Intp1" tests="2" failures="0" timestamp="23 Nov 2023 06:46:21 GMT" time="0.007" errors="0">
  <testcase name="demo" time="0.004" classname="javaStreams.Intp1"/>
  <testcase name="testRun" time="0.003" classname="javaStreams.Intp1"/>
</testsuite> <!-- javaStreams.Intp1 -->
